current directory: /Users/alexbizzon/Bizzon/VENT/kamal-exemple/''/gems/rbs-3.7.0/ext/rbs_extension
/usr/local/opt/ruby/bin/ruby -I /usr/local/Cellar/ruby/3.2.1/lib/ruby/3.2.0 extconf.rb
checking for whether -std=gnu99 is accepted as CFLAGS... *** extconf.rb failed ***
Could not create Makefile due to some reason, probably lack of necessary
libraries and/or headers.  Check the mkmf.log file for more details.  You may
need configuration options.

Provided configuration options:
	--with-opt-dir
	--with-opt-include
	--without-opt-include=${opt-dir}/include
	--with-opt-lib
	--without-opt-lib=${opt-dir}/lib
	--with-make-prog
	--without-make-prog
	--srcdir=.
	--curdir
	--ruby=/usr/local/Cellar/ruby/3.2.1/bin/$(RUBY_BASE_NAME)
/usr/local/Cellar/ruby/3.2.1/lib/ruby/3.2.0/mkmf.rb:490:in `try_do': The compiler failed to generate an executable file. (RuntimeError)
You have to install development tools first.

	from /usr/local/Cellar/ruby/3.2.1/lib/ruby/3.2.0/mkmf.rb:616:in `block in try_compile'
	from /usr/local/Cellar/ruby/3.2.1/lib/ruby/3.2.0/mkmf.rb:563:in `with_werror'
	from /usr/local/Cellar/ruby/3.2.1/lib/ruby/3.2.0/mkmf.rb:616:in `try_compile'
	from /usr/local/Cellar/ruby/3.2.1/lib/ruby/3.2.0/mkmf.rb:680:in `try_cflags'
	from /usr/local/Cellar/ruby/3.2.1/lib/ruby/3.2.0/mkmf.rb:1025:in `block (2 levels) in append_cflags'
	from /usr/local/Cellar/ruby/3.2.1/lib/ruby/3.2.0/mkmf.rb:989:in `block in checking_for'
	from /usr/local/Cellar/ruby/3.2.1/lib/ruby/3.2.0/mkmf.rb:354:in `block (2 levels) in postpone'
	from /usr/local/Cellar/ruby/3.2.1/lib/ruby/3.2.0/mkmf.rb:324:in `open'
	from /usr/local/Cellar/ruby/3.2.1/lib/ruby/3.2.0/mkmf.rb:354:in `block in postpone'
	from /usr/local/Cellar/ruby/3.2.1/lib/ruby/3.2.0/mkmf.rb:324:in `open'
	from /usr/local/Cellar/ruby/3.2.1/lib/ruby/3.2.0/mkmf.rb:350:in `postpone'
	from /usr/local/Cellar/ruby/3.2.1/lib/ruby/3.2.0/mkmf.rb:988:in `checking_for'
	from /usr/local/Cellar/ruby/3.2.1/lib/ruby/3.2.0/mkmf.rb:1024:in `block in append_cflags'
	from /usr/local/Cellar/ruby/3.2.1/lib/ruby/3.2.0/mkmf.rb:1023:in `each'
	from /usr/local/Cellar/ruby/3.2.1/lib/ruby/3.2.0/mkmf.rb:1023:in `append_cflags'
	from extconf.rb:13:in `<main>'

To see why this extension failed to compile, please check the mkmf.log which can be found here:

  /Users/alexbizzon/Bizzon/VENT/kamal-exemple/''/extensions/x86_64-darwin-20/3.2.0/rbs-3.7.0/mkmf.log

extconf failed, exit code 1
